<?xml version="1.0" encoding="UTF-8"?>
<!-- Generated by org.testng.reporters.JUnitReportReporter -->
<testsuite hostname="PD" failures="0" tests="3" name="rahulshettyacademy.tests.SubmitOrderTest" time="21.038" errors="0" timestamp="2024-08-18T19:12:54 IST" skipped="0">
  <testcase classname="rahulshettyacademy.tests.SubmitOrderTest" name="OrderHistoryTest" time="2.348"/>
  <testcase classname="rahulshettyacademy.tests.SubmitOrderTest" name="submitOrder" time="9.563"/>
  <testcase classname="rahulshettyacademy.tests.SubmitOrderTest" name="submitOrder" time="9.127"/>
</testsuite> <!-- rahulshettyacademy.tests.SubmitOrderTest -->
